<?xml version="1.0" ?>
<testsuite name="TestHello-20220721152800" tests="2" time="0.015" failures="0" errors="0">
	<testcase classname="TestHello" name="test_hello" time="0.013"/>
	<testcase classname="TestHello" name="test_name" time="0.002"/>
	<system-out><![CDATA[]]></system-out>
	<system-err><![CDATA[]]></system-err>
</testsuite>
